C:\USERS\HUN7ER\DOCUMENTS\GITHUB\OS-CAMTROLLER\MSVC\OS-CAMTROLLER\DEBUG\MAIN.OBJ
C:\USERS\HUN7ER\DOCUMENTS\GITHUB\OS-CAMTROLLER\MSVC\OS-CAMTROLLER\DEBUG\VC110.PDB
C:\USERS\HUN7ER\DOCUMENTS\GITHUB\OS-CAMTROLLER\MSVC\OS-CAMTROLLER\DEBUG\OS-CAMTROLLER.ILK
C:\USERS\HUN7ER\DOCUMENTS\GITHUB\OS-CAMTROLLER\MSVC\OS-CAMTROLLER\DEBUG\OS-CAMTROLLER.EXE
C:\USERS\HUN7ER\DOCUMENTS\GITHUB\OS-CAMTROLLER\MSVC\OS-CAMTROLLER\DEBUG\OS-CAMTROLLER.PDB
C:\Users\hun7er\Documents\GitHub\os-camtroller\msvc\os-camtroller\Debug\main.obj
C:\Users\hun7er\Documents\GitHub\os-camtroller\msvc\os-camtroller\Debug\os-camtroller.ilk
C:\Users\hun7er\Documents\GitHub\os-camtroller\msvc\os-camtroller\Debug\cl.command.1.tlog
C:\Users\hun7er\Documents\GitHub\os-camtroller\msvc\os-camtroller\Debug\CL.read.1.tlog
C:\Users\hun7er\Documents\GitHub\os-camtroller\msvc\os-camtroller\Debug\CL.write.1.tlog
C:\Users\hun7er\Documents\GitHub\os-camtroller\msvc\os-camtroller\Debug\link-cvtres.read.1.tlog
C:\Users\hun7er\Documents\GitHub\os-camtroller\msvc\os-camtroller\Debug\link-cvtres.write.1.tlog
C:\Users\hun7er\Documents\GitHub\os-camtroller\msvc\os-camtroller\Debug\link-rc.read.1.tlog
C:\Users\hun7er\Documents\GitHub\os-camtroller\msvc\os-camtroller\Debug\link-rc.write.1.tlog
C:\Users\hun7er\Documents\GitHub\os-camtroller\msvc\os-camtroller\Debug\link.5148-cvtres.read.1.tlog
C:\Users\hun7er\Documents\GitHub\os-camtroller\msvc\os-camtroller\Debug\link.5148-cvtres.write.1.tlog
C:\Users\hun7er\Documents\GitHub\os-camtroller\msvc\os-camtroller\Debug\link.5148-rc.read.1.tlog
C:\Users\hun7er\Documents\GitHub\os-camtroller\msvc\os-camtroller\Debug\link.5148-rc.write.1.tlog
C:\Users\hun7er\Documents\GitHub\os-camtroller\msvc\os-camtroller\Debug\link.5148.read.1.tlog
C:\Users\hun7er\Documents\GitHub\os-camtroller\msvc\os-camtroller\Debug\link.5148.write.1.tlog
C:\Users\hun7er\Documents\GitHub\os-camtroller\msvc\os-camtroller\Debug\link.command.1.tlog
C:\Users\hun7er\Documents\GitHub\os-camtroller\msvc\os-camtroller\Debug\link.read.1.tlog
C:\Users\hun7er\Documents\GitHub\os-camtroller\msvc\os-camtroller\Debug\link.write.1.tlog
C:\Users\hun7er\Documents\GitHub\os-camtroller\msvc\os-camtroller\Debug\vc110.idb
C:\Users\hun7er\Documents\GitHub\os-camtroller\msvc\os-camtroller\Debug\os-camtroller.pdb
C:\Users\hun7er\Documents\GitHub\os-camtroller\msvc\os-camtroller\Debug\vc110.pdb
C:\Users\hun7er\Documents\GitHub\os-camtroller\msvc\os-camtroller\Debug\os-camtroller.exe
